#
# There is insufficient memory for the Java Runtime Environment to continue.
# Native memory allocation (malloc) failed to allocate 906256 bytes for Chunk::new
# Possible reasons:
#   The system is out of physical RAM or swap space
#   The process is running with CompressedOops enabled, and the Java Heap may be blocking the growth of the native heap
# Possible solutions:
#   Reduce memory load on the system
#   Increase physical memory or swap space
#   Check if swap backing store is full
#   Decrease Java heap size (-Xmx/-Xms)
#   Decrease number of Java threads
#   Decrease Java thread stack sizes (-Xss)
#   Set larger code cache with -XX:ReservedCodeCacheSize=
#   JVM is running with Unscaled Compressed Oops mode in which the Java heap is
#     placed in the first 4GB address space. The Java Heap base address is the
#     maximum limit for the native heap growth. Please use -XX:HeapBaseMinAddress
#     to set the Java Heap base and to place the Java Heap above 4GB virtual address.
# This output file may be truncated or incomplete.
#
#  Out of Memory Error (allocation.cpp:389), pid=27988, tid=0x0000000000003a18
#
# JRE version: OpenJDK Runtime Environment (8.0_212-b04) (build 1.8.0_212-release-1586-b04)
# Java VM: OpenJDK 64-Bit Server VM (25.212-b04 mixed mode windows-amd64 compressed oops)
# Failed to write core dump. Minidumps are not enabled by default on client versions of Windows
#

---------------  T H R E A D  ---------------

Current thread (0x0000000018d13000):  JavaThread "C2 CompilerThread1" daemon [_thread_in_native, id=14872, stack(0x00000000196e0000,0x00000000197e0000)]

Stack: [0x00000000196e0000,0x00000000197e0000]
[error occurred during error reporting (printing stack bounds), id 0xc0000005]

Native frames: (J=compiled Java code, j=interpreted, Vv=VM code, C=native code)


Current CompileTask:
C2:5372502 24514       4       com.google.common.collect.SparseImmutableTable::<init> (468 bytes)


---------------  P R O C E S S  ---------------

Java Threads: ( => current thread )
  0x000000002c729000 JavaThread "WorkerExecutor Queue Thread 2" [_thread_blocked, id=2672, stack(0x000000002b950000,0x000000002ba50000)]
  0x000000002c727800 JavaThread "stdout" [_thread_in_native, id=14160, stack(0x000000002a880000,0x000000002a980000)]
  0x000000002c72e800 JavaThread "stderr" [_thread_in_native, id=11212, stack(0x000000002a780000,0x000000002a880000)]
  0x000000002c72d000 JavaThread "pool-38-thread-1" [_thread_blocked, id=21132, stack(0x000000002a680000,0x000000002a780000)]
  0x000000002c72d800 JavaThread "WorkerExecutor Queue" [_thread_blocked, id=16688, stack(0x0000000028cb0000,0x0000000028db0000)]
  0x000000002c72c000 JavaThread "Cache worker for execution history cache (C:\Users\Afshan\photoLab\.gradle\5.6.4\executionHistory)" [_thread_blocked, id=19532, stack(0x0000000028730000,0x0000000028830000)]
  0x000000002c728800 JavaThread "Execution worker for ':' Thread 7" [_thread_in_Java, id=20080, stack(0x0000000028630000,0x0000000028730000)]
  0x000000002c72b800 JavaThread "Execution worker for ':' Thread 6" [_thread_blocked, id=3708, stack(0x0000000028530000,0x0000000028630000)]
  0x000000002c72a800 JavaThread "Execution worker for ':' Thread 5" [_thread_blocked, id=28380, stack(0x0000000027e30000,0x0000000027f30000)]
  0x000000002c721000 JavaThread "Execution worker for ':' Thread 4" [_thread_blocked, id=6040, stack(0x0000000027d30000,0x0000000027e30000)]
  0x000000002c727000 JavaThread "Execution worker for ':' Thread 3" [_thread_blocked, id=25792, stack(0x0000000027430000,0x0000000027530000)]
  0x000000002c724800 JavaThread "Execution worker for ':' Thread 2" [_thread_blocked, id=17556, stack(0x0000000027030000,0x0000000027130000)]
  0x000000002c724000 JavaThread "Execution worker for ':'" [_thread_blocked, id=23088, stack(0x00000000258c0000,0x00000000259c0000)]
  0x000000002c721800 JavaThread "Cache worker for file content cache (C:\Users\Afshan\photoLab\.gradle\5.6.4\fileContent)" [_thread_blocked, id=752, stack(0x00000000253c0000,0x00000000254c0000)]
  0x000000002c726000 JavaThread "Cache worker for Build Output Cleanup Cache (C:\Users\Afshan\photoLab\.gradle\buildOutputCleanup)" [_thread_blocked, id=7276, stack(0x0000000024ec0000,0x0000000024fc0000)]
  0x000000002c725800 JavaThread "pool-37-thread-1" [_thread_blocked, id=26948, stack(0x00000000249c0000,0x0000000024ac0000)]
  0x000000002c723000 JavaThread "Build operations Thread 8" [_thread_blocked, id=18912, stack(0x00000000248c0000,0x00000000249c0000)]
  0x000000002c71f800 JavaThread "Build operations Thread 7" [_thread_blocked, id=21676, stack(0x0000000023fc0000,0x00000000240c0000)]
  0x000000002c722800 JavaThread "Build operations Thread 6" [_thread_blocked, id=9556, stack(0x00000000235f0000,0x00000000236f0000)]
  0x000000001e2f2800 JavaThread "Build operations Thread 5" [_thread_blocked, id=8676, stack(0x00000000224e0000,0x00000000225e0000)]
  0x000000001e2ef800 JavaThread "Build operations Thread 4" [_thread_blocked, id=26076, stack(0x00000000223e0000,0x00000000224e0000)]
  0x000000001e2f2000 JavaThread "Build operations Thread 3" [_thread_blocked, id=18960, stack(0x00000000222e0000,0x00000000223e0000)]
  0x000000001e2f1000 JavaThread "Build operations Thread 2" [_thread_blocked, id=9724, stack(0x00000000221e0000,0x00000000222e0000)]
  0x000000001e2e9800 JavaThread "Build operations" [_thread_blocked, id=18704, stack(0x00000000220e0000,0x00000000221e0000)]
  0x000000001e2ee000 JavaThread "Cache worker for cache directory md-rule (C:\Users\Afshan\.gradle\caches\5.6.4\md-rule)" [_thread_blocked, id=21400, stack(0x0000000021fe0000,0x00000000220e0000)]
  0x000000001e2e6800 JavaThread "Cache worker for cache directory md-supplier (C:\Users\Afshan\.gradle\caches\5.6.4\md-supplier)" [_thread_blocked, id=18216, stack(0x0000000021ee0000,0x0000000021fe0000)]
  0x000000001e2ed800 JavaThread "Cache worker for file hash cache (C:\Users\Afshan\photoLab\.gradle\5.6.4\fileHashes)" [_thread_blocked, id=12164, stack(0x000000001d300000,0x000000001d400000)]
  0x000000001e2e5000 JavaThread "Thread-612" [_thread_blocked, id=26412, stack(0x000000001d200000,0x000000001d300000)]
  0x000000001e2e8000 JavaThread "Stdin handler" [_thread_blocked, id=9872, stack(0x000000001d100000,0x000000001d200000)]
  0x000000001e2e6000 JavaThread "Asynchronous log dispatcher for DefaultDaemonConnection: socket connection from /127.0.0.1:65167 to /127.0.0.1:49511" [_thread_blocked, id=25968, stack(0x000000001ce00000,0x000000001cf00000)]
  0x000000001e2e7800 JavaThread "Daemon worker Thread 15" [_thread_blocked, id=1368, stack(0x000000001cd00000,0x000000001ce00000)]
  0x000000001e2e4800 JavaThread "Cancel handler" [_thread_blocked, id=21624, stack(0x00000000015c0000,0x00000000016c0000)]
  0x000000001e2e3800 JavaThread "Handler for socket connection from /127.0.0.1:65167 to /127.0.0.1:49511" [_thread_in_native, id=9808, stack(0x00000000014c0000,0x00000000015c0000)]
  0x000000001e2e9000 JavaThread "Daemon Thread 15" [_thread_blocked, id=11188, stack(0x00000000013c0000,0x00000000014c0000)]
  0x000000001ac57000 JavaThread "Cache worker for Java compile cache (C:\Users\Afshan\.gradle\caches\5.6.4\javaCompile)" [_thread_blocked, id=23720, stack(0x0000000027330000,0x0000000027430000)]
  0x000000001ad95000 JavaThread "Cache worker for file content cache (C:\Users\Afshan\.gradle\caches\5.6.4\fileContent)" [_thread_blocked, id=14320, stack(0x0000000024dc0000,0x0000000024ec0000)]
  0x000000001ad98800 JavaThread "Memory manager" [_thread_blocked, id=25412, stack(0x0000000024cc0000,0x0000000024dc0000)]
  0x000000001ad90800 JavaThread "Cache worker for execution history cache (C:\Users\Afshan\.gradle\caches\5.6.4\executionHistory)" [_thread_blocked, id=10136, stack(0x0000000020e10000,0x0000000020f10000)]
  0x0000000018d22800 JavaThread "Cache worker for journal cache (C:\Users\Afshan\.gradle\caches\journal-1)" [_thread_blocked, id=27820, stack(0x000000001db00000,0x000000001dc00000)]
  0x0000000018d1d000 JavaThread "File lock request listener" [_thread_in_native, id=1088, stack(0x000000001da00000,0x000000001db00000)]
  0x0000000018d1d800 JavaThread "Cache worker for file hash cache (C:\Users\Afshan\.gradle\caches\5.6.4\fileHashes)" [_thread_blocked, id=25576, stack(0x000000001d900000,0x000000001da00000)]
  0x000000001aef8800 JavaThread "Daemon periodic checks" [_thread_blocked, id=10160, stack(0x000000001cc00000,0x000000001cd00000)]
  0x000000001b673000 JavaThread "Incoming local TCP Connector on port 65167" [_thread_in_native, id=6824, stack(0x000000001c9c0000,0x000000001cac0000)]
  0x000000001b659800 JavaThread "Daemon health stats" [_thread_blocked, id=24936, stack(0x000000001c380000,0x000000001c480000)]
  0x0000000018dab000 JavaThread "Service Thread" daemon [_thread_blocked, id=5352, stack(0x00000000199e0000,0x0000000019ae0000)]
  0x0000000018d21000 JavaThread "C1 CompilerThread3" daemon [_thread_blocked, id=5452, stack(0x00000000198e0000,0x00000000199e0000)]
  0x0000000016f1b800 JavaThread "C2 CompilerThread2" daemon [_thread_blocked, id=12988, stack(0x00000000197e0000,0x00000000198e0000)]
=>0x0000000018d13000 JavaThread "C2 CompilerThread1" daemon [_thread_in_native, id=14872, stack(0x00000000196e0000,0x00000000197e0000)]
  0x0000000018d0f800 JavaThread "C2 CompilerThread0" daemon [_thread_blocked, id=3644, stack(0x00000000195e0000,0x00000000196e0000)]
  0x0000000018d0b000 JavaThread "Attach Listener" daemon [_thread_blocked, id=14868, stack(0x00000000194e0000,0x00000000195e0000)]
  0x0000000018d15800 JavaThread "Signal Dispatcher" daemon [_thread_blocked, id=6632, stack(0x00000000193e0000,0x00000000194e0000)]
  0x000000000314e000 JavaThread "Finalizer" daemon [_thread_blocked, id=23860, stack(0x00000000191e0000,0x00000000192e0000)]
  0x0000000016f0c800 JavaThread "Reference Handler" daemon [_thread_blocked, id=24284, stack(0x00000000190e0000,0x00000000191e0000)]
  0x00000000012be800 JavaThread "main" [_thread_blocked, id=17064, stack(0x0000000002f50000,0x0000000003050000)]

Other Threads:
  0x0000000016f08000 VMThread [stack: 0x0000000018be0000,0x0000000018ce0000] [id=10488]
  0x0000000018d66000 WatcherThread [stack: 0x0000000019ae0000,0x0000000019be0000] [id=6552]

VM state:not at safepoint (normal execution)

VM Mutex/Monitor currently owned by a thread: None

OutOfMemory and StackOverflow Exception counts:
OutOfMemoryError java_heap_errors=7

heap address: 0x00000000a0000000, size: 1536 MB, Compressed Oops mode: 32-bit
Narrow klass base: 0x0000000000000000, Narrow klass shift: 3
Compressed class space size: 1073741824 Address: 0x0000000100000000

Heap:
 PSYoungGen      total 352768K, used 276584K [0x00000000e0000000, 0x00000000fc300000, 0x0000000100000000)
  eden space 268288K, 97% used [0x00000000e0000000,0x00000000efec3888,0x00000000f0600000)
  from space 84480K, 18% used [0x00000000f7080000,0x00000000f7fd6a90,0x00000000fc300000)
  to   space 96768K, 0% used [0x00000000f0600000,0x00000000f0600000,0x00000000f6480000)
 ParOldGen       total 227840K, used 174270K [0x00000000a0000000, 0x00000000ade80000, 0x00000000e0000000)
  object space 227840K, 76% used [0x00000000a0000000,0x00000000aaa2f950,0x00000000ade80000)
 Metaspace       used 97327K, capacity 104220K, committed 104344K, reserved 1140736K
  class space    used 12609K, capacity 13857K, committed 13976K, reserved 1048576K

Card table byte_map: [0x0000000012510000,0x0000000012820000] byte_map_base: 0x0000000012010000

Marking Bits: (ParMarkBitMap*) 0x0000000061049f30
 Begin Bits: [0x0000000013220000, 0x0000000014a20000)
 End Bits:   [0x0000000014a20000, 0x0000000016220000)

Polling page: 0x00000000012a0000

CodeCache: size=245760Kb used=68284Kb max_used=68300Kb free=177475Kb
 bounds [0x0000000003150000, 0x00000000074a0000, 0x0000000012150000]
 total_blobs=19686 nmethods=18782 adapters=815
 compilation: enabled

Compilation events (10 events):
Event: 5372.213 Thread 0x0000000018d0f800 24524       4       com.google.common.collect.RegularImmutableMap$Values::size (8 bytes)
Event: 5372.214 Thread 0x0000000018d0f800 nmethod 24524 0x0000000007104750 code [0x0000000007104880, 0x00000000071048f8]
Event: 5372.242 Thread 0x0000000016f1b800 24525       4       java.util.Arrays$ArrayList::<init> (16 bytes)
Event: 5372.244 Thread 0x0000000016f1b800 nmethod 24525 0x0000000007215c10 code [0x0000000007215d40, 0x0000000007215dd8]
Event: 5372.251 Thread 0x0000000018d0f800 24526       4       org.objectweb.asm.MethodWriter::visitIntInsn (113 bytes)
Event: 5372.255 Thread 0x0000000018d0f800 nmethod 24526 0x000000000530d1d0 code [0x000000000530d320, 0x000000000530d5a8]
Event: 5372.268 Thread 0x0000000016f1b800 24527       4       org.objectweb.asm.ByteVector::enlarge (51 bytes)
Event: 5372.272 Thread 0x0000000018d21000 24528       1       org.objectweb.asm.ClassWriter::visitEnd (1 bytes)
Event: 5372.272 Thread 0x0000000018d21000 nmethod 24528 0x000000000731f710 code [0x000000000731f860, 0x000000000731f970]
Event: 5372.273 Thread 0x0000000016f1b800 nmethod 24527 0x0000000005adcf50 code [0x0000000005add0a0, 0x0000000005add298]

GC Heap History (10 events):
Event: 3122.875 GC heap before
{Heap before GC invocations=40 (full 4):
 PSYoungGen      total 365568K, used 281632K [0x00000000e0000000, 0x00000000fe380000, 0x0000000100000000)
  eden space 263680K, 98% used [0x00000000e0000000,0x00000000efcb0a20,0x00000000f0180000)
  from space 101888K, 22% used [0x00000000f0180000,0x00000000f17d7918,0x00000000f6500000)
  to   space 98816K, 0% used [0x00000000f8300000,0x00000000f8300000,0x00000000fe380000)
 ParOldGen       total 227840K, used 173926K [0x00000000a0000000, 0x00000000ade80000, 0x00000000e0000000)
  object space 227840K, 76% used [0x00000000a0000000,0x00000000aa9d9950,0x00000000ade80000)
 Metaspace       used 92942K, capacity 98014K, committed 98072K, reserved 1134592K
  class space    used 12047K, capacity 13060K, committed 13080K, reserved 1048576K
Event: 3122.890 GC heap after
Heap after GC invocations=40 (full 4):
 PSYoungGen      total 393216K, used 15735K [0x00000000e0000000, 0x00000000fe080000, 0x0000000100000000)
  eden space 297472K, 0% used [0x00000000e0000000,0x00000000e0000000,0x00000000f2280000)
  from space 95744K, 16% used [0x00000000f8300000,0x00000000f925dfb8,0x00000000fe080000)
  to   space 97280K, 0% used [0x00000000f2280000,0x00000000f2280000,0x00000000f8180000)
 ParOldGen       total 227840K, used 174190K [0x00000000a0000000, 0x00000000ade80000, 0x00000000e0000000)
  object space 227840K, 76% used [0x00000000a0000000,0x00000000aaa1b950,0x00000000ade80000)
 Metaspace       used 92942K, capacity 98014K, committed 98072K, reserved 1134592K
  class space    used 12047K, capacity 13060K, committed 13080K, reserved 1048576K
}
Event: 3228.405 GC heap before
{Heap before GC invocations=41 (full 4):
 PSYoungGen      total 393216K, used 313207K [0x00000000e0000000, 0x00000000fe080000, 0x0000000100000000)
  eden space 297472K, 100% used [0x00000000e0000000,0x00000000f2280000,0x00000000f2280000)
  from space 95744K, 16% used [0x00000000f8300000,0x00000000f925dfb8,0x00000000fe080000)
  to   space 97280K, 0% used [0x00000000f2280000,0x00000000f2280000,0x00000000f8180000)
 ParOldGen       total 227840K, used 174190K [0x00000000a0000000, 0x00000000ade80000, 0x00000000e0000000)
  object space 227840K, 76% used [0x00000000a0000000,0x00000000aaa1b950,0x00000000ade80000)
 Metaspace       used 93044K, capacity 98088K, committed 98328K, reserved 1134592K
  class space    used 12048K, capacity 13061K, committed 13080K, reserved 1048576K
Event: 3228.462 GC heap after
Heap after GC invocations=41 (full 4):
 PSYoungGen      total 394752K, used 69985K [0x00000000e0000000, 0x0000000100000000, 0x0000000100000000)
  eden space 297472K, 0% used [0x00000000e0000000,0x00000000e0000000,0x00000000f2280000)
  from space 97280K, 71% used [0x00000000f2280000,0x00000000f66d8630,0x00000000f8180000)
  to   space 103424K, 0% used [0x00000000f9b00000,0x00000000f9b00000,0x0000000100000000)
 ParOldGen       total 227840K, used 174246K [0x00000000a0000000, 0x00000000ade80000, 0x00000000e0000000)
  object space 227840K, 76% used [0x00000000a0000000,0x00000000aaa29950,0x00000000ade80000)
 Metaspace       used 93044K, capacity 98088K, committed 98328K, reserved 1134592K
  class space    used 12048K, capacity 13061K, committed 13080K, reserved 1048576K
}
Event: 3786.791 GC heap before
{Heap before GC invocations=42 (full 4):
 PSYoungGen      total 394752K, used 367457K [0x00000000e0000000, 0x0000000100000000, 0x0000000100000000)
  eden space 297472K, 100% used [0x00000000e0000000,0x00000000f2280000,0x00000000f2280000)
  from space 97280K, 71% used [0x00000000f2280000,0x00000000f66d8630,0x00000000f8180000)
  to   space 103424K, 0% used [0x00000000f9b00000,0x00000000f9b00000,0x0000000100000000)
 ParOldGen       total 227840K, used 174246K [0x00000000a0000000, 0x00000000ade80000, 0x00000000e0000000)
  object space 227840K, 76% used [0x00000000a0000000,0x00000000aaa29950,0x00000000ade80000)
 Metaspace       used 94333K, capacity 101024K, committed 101144K, reserved 1136640K
  class space    used 12291K, capacity 13517K, committed 13592K, reserved 1048576K
Event: 3786.798 GC heap after
Heap after GC invocations=42 (full 4):
 PSYoungGen      total 359424K, used 7078K [0x00000000e0000000, 0x00000000fe180000, 0x0000000100000000)
  eden space 287232K, 0% used [0x00000000e0000000,0x00000000e0000000,0x00000000f1880000)
  from space 72192K, 9% used [0x00000000f9b00000,0x00000000fa1e9b00,0x00000000fe180000)
  to   space 102912K, 0% used [0x00000000f1880000,0x00000000f1880000,0x00000000f7d00000)
 ParOldGen       total 227840K, used 174254K [0x00000000a0000000, 0x00000000ade80000, 0x00000000e0000000)
  object space 227840K, 76% used [0x00000000a0000000,0x00000000aaa2b950,0x00000000ade80000)
 Metaspace       used 94333K, capacity 101024K, committed 101144K, reserved 1136640K
  class space    used 12291K, capacity 13517K, committed 13592K, reserved 1048576K
}
Event: 4060.620 GC heap before
{Heap before GC invocations=43 (full 4):
 PSYoungGen      total 359424K, used 294310K [0x00000000e0000000, 0x00000000fe180000, 0x0000000100000000)
  eden space 287232K, 100% used [0x00000000e0000000,0x00000000f1880000,0x00000000f1880000)
  from space 72192K, 9% used [0x00000000f9b00000,0x00000000fa1e9b00,0x00000000fe180000)
  to   space 102912K, 0% used [0x00000000f1880000,0x00000000f1880000,0x00000000f7d00000)
 ParOldGen       total 227840K, used 174254K [0x00000000a0000000, 0x00000000ade80000, 0x00000000e0000000)
  object space 227840K, 76% used [0x00000000a0000000,0x00000000aaa2b950,0x00000000ade80000)
 Metaspace       used 96995K, capacity 103816K, committed 103960K, reserved 1138688K
  class space    used 12591K, capacity 13823K, committed 13848K, reserved 1048576K
Event: 4060.685 GC heap after
Heap after GC invocations=43 (full 4):
 PSYoungGen      total 292864K, used 15029K [0x00000000e0000000, 0x00000000fd200000, 0x0000000100000000)
  eden space 277504K, 0% used [0x00000000e0000000,0x00000000e0000000,0x00000000f0f00000)
  from space 15360K, 97% used [0x00000000f1880000,0x00000000f272d520,0x00000000f2780000)
  to   space 99840K, 0% used [0x00000000f7080000,0x00000000f7080000,0x00000000fd200000)
 ParOldGen       total 227840K, used 174262K [0x00000000a0000000, 0x00000000ade80000, 0x00000000e0000000)
  object space 227840K, 76% used [0x00000000a0000000,0x00000000aaa2d950,0x00000000ade80000)
 Metaspace       used 96995K, capacity 103816K, committed 103960K, reserved 1138688K
  class space    used 12591K, capacity 13823K, committed 13848K, reserved 1048576K
}
Event: 4148.898 GC heap before
{Heap before GC invocations=44 (full 4):
 PSYoungGen      total 292864K, used 292533K [0x00000000e0000000, 0x00000000fd200000, 0x0000000100000000)
  eden space 277504K, 100% used [0x00000000e0000000,0x00000000f0f00000,0x00000000f0f00000)
  from space 15360K, 97% used [0x00000000f1880000,0x00000000f272d520,0x00000000f2780000)
  to   space 99840K, 0% used [0x00000000f7080000,0x00000000f7080000,0x00000000fd200000)
 ParOldGen       total 227840K, used 174262K [0x00000000a0000000, 0x00000000ade80000, 0x00000000e0000000)
  object space 227840K, 76% used [0x00000000a0000000,0x00000000aaa2d950,0x00000000ade80000)
 Metaspace       used 97163K, capacity 103960K, committed 104216K, reserved 1140736K
  class space    used 12592K, capacity 13825K, committed 13848K, reserved 1048576K
Event: 4148.910 GC heap after
Heap after GC invocations=44 (full 4):
 PSYoungGen      total 352768K, used 15706K [0x00000000e0000000, 0x00000000fc300000, 0x0000000100000000)
  eden space 268288K, 0% used [0x00000000e0000000,0x00000000e0000000,0x00000000f0600000)
  from space 84480K, 18% used [0x00000000f7080000,0x00000000f7fd6a90,0x00000000fc300000)
  to   space 96768K, 0% used [0x00000000f0600000,0x00000000f0600000,0x00000000f6480000)
 ParOldGen       total 227840K, used 174270K [0x00000000a0000000, 0x00000000ade80000, 0x00000000e0000000)
  object space 227840K, 76% used [0x00000000a0000000,0x00000000aaa2f950,0x00000000ade80000)
 Metaspace       used 97163K, capacity 103960K, committed 104216K, reserved 1140736K
  class space    used 12592K, capacity 13825K, committed 13848K, reserved 1048576K
}

Deoptimization events (10 events):
Event: 5132.067 Thread 0x000000001aef8800 Uncommon trap: reason=unstable_if action=reinterpret pc=0x00000000048bb304 method=java.text.DigitList.isZero()Z @ 7
Event: 5362.046 Thread 0x000000001e2e7800 Uncommon trap: reason=class_check action=maybe_recompile pc=0x0000000006e977ac method=java.util.Collections$UnmodifiableMap$UnmodifiableEntrySet$UnmodifiableEntry.<init>(Ljava/util/Map$Entry;)V @ 9
Event: 5362.046 Thread 0x000000001e2e7800 Uncommon trap: reason=class_check action=maybe_recompile pc=0x0000000006e977ac method=java.util.Collections$UnmodifiableMap$UnmodifiableEntrySet$UnmodifiableEntry.<init>(Ljava/util/Map$Entry;)V @ 9
Event: 5362.046 Thread 0x000000001e2e7800 Uncommon trap: reason=class_check action=maybe_recompile pc=0x0000000006e977ac method=java.util.Collections$UnmodifiableMap$UnmodifiableEntrySet$UnmodifiableEntry.<init>(Ljava/util/Map$Entry;)V @ 9
Event: 5362.046 Thread 0x000000001e2e7800 Uncommon trap: reason=class_check action=maybe_recompile pc=0x0000000006e977ac method=java.util.Collections$UnmodifiableMap$UnmodifiableEntrySet$UnmodifiableEntry.<init>(Ljava/util/Map$Entry;)V @ 9
Event: 5364.418 Thread 0x000000002c728800 Uncommon trap: reason=class_check action=maybe_recompile pc=0x0000000004e3a744 method=com.sun.org.apache.xerces.internal.dom.NamedNodeMapImpl.getNamedItem(Ljava/lang/String;)Lorg/w3c/dom/Node; @ 28
Event: 5364.418 Thread 0x000000002c728800 Uncommon trap: reason=class_check action=maybe_recompile pc=0x0000000004e3a744 method=com.sun.org.apache.xerces.internal.dom.NamedNodeMapImpl.getNamedItem(Ljava/lang/String;)Lorg/w3c/dom/Node; @ 28
Event: 5364.418 Thread 0x000000002c728800 Uncommon trap: reason=class_check action=maybe_recompile pc=0x0000000004e3a744 method=com.sun.org.apache.xerces.internal.dom.NamedNodeMapImpl.getNamedItem(Ljava/lang/String;)Lorg/w3c/dom/Node; @ 28
Event: 5364.418 Thread 0x000000002c728800 Uncommon trap: reason=class_check action=maybe_recompile pc=0x0000000004e3a744 method=com.sun.org.apache.xerces.internal.dom.NamedNodeMapImpl.getNamedItem(Ljava/lang/String;)Lorg/w3c/dom/Node; @ 28
Event: 5364.526 Thread 0x000000002c728800 Uncommon trap: reason=bimorphic action=maybe_recompile pc=0x00000000071abde0 method=com.sun.org.apache.xerces.internal.dom.CoreDocumentImpl.isKidOK(Lorg/w3c/dom/Node;Lorg/w3c/dom/Node;)Z @ 39

Classes redefined (0 events):
No events

Internal exceptions (10 events):
Event: 4063.496 Thread 0x000000002c727000 Exception <a 'sun/nio/fs/WindowsException'> (0x00000000e8532690) thrown at [D:\src\AOSP-openjdk-cygwin\jdk8u\hotspot\src\share\vm\prims\jni.cpp, line 710]
Event: 4146.345 Thread 0x000000001ad93800 Exception <a 'sun/nio/fs/WindowsException'> (0x00000000e91f3078) thrown at [D:\src\AOSP-openjdk-cygwin\jdk8u\hotspot\src\share\vm\prims\jni.cpp, line 710]
Event: 4148.962 Thread 0x000000002c72d800 Exception <a 'sun/nio/fs/WindowsException'> (0x00000000e17411a0) thrown at [D:\src\AOSP-openjdk-cygwin\jdk8u\hotspot\src\share\vm\prims\jni.cpp, line 710]
Event: 4148.962 Thread 0x000000002c72d800 Exception <a 'sun/nio/fs/WindowsException'> (0x00000000e1741648) thrown at [D:\src\AOSP-openjdk-cygwin\jdk8u\hotspot\src\share\vm\prims\jni.cpp, line 710]
Event: 4149.542 Thread 0x000000001ad93800 Exception <a 'sun/nio/fs/WindowsException'> (0x00000000e3abcd58) thrown at [D:\src\AOSP-openjdk-cygwin\jdk8u\hotspot\src\share\vm\prims\jni.cpp, line 710]
Event: 5362.854 Thread 0x000000001e2e7800 Exception <a 'sun/nio/fs/WindowsException'> (0x00000000e522e9f0) thrown at [D:\src\AOSP-openjdk-cygwin\jdk8u\hotspot\src\share\vm\prims\jni.cpp, line 710]
Event: 5372.131 Thread 0x000000002c72d800 Exception <a 'sun/nio/fs/WindowsException'> (0x00000000ee66b8e0) thrown at [D:\src\AOSP-openjdk-cygwin\jdk8u\hotspot\src\share\vm\prims\jni.cpp, line 710]
Event: 5372.131 Thread 0x000000002c72d800 Exception <a 'sun/nio/fs/WindowsException'> (0x00000000ee66bd88) thrown at [D:\src\AOSP-openjdk-cygwin\jdk8u\hotspot\src\share\vm\prims\jni.cpp, line 710]
Event: 5372.369 Thread 0x000000002c72d800 Exception <a 'java/lang/OutOfMemoryError'> (0x00000000efe80f50) thrown at [D:\src\AOSP-openjdk-cygwin\jdk8u\hotspot\src\share\vm\prims\jni.cpp, line 736]
Event: 5372.371 Thread 0x000000002c728800 Exception <a 'java/lang/reflect/InvocationTargetException'> (0x00000000ec6a2118) thrown at [D:\src\AOSP-openjdk-cygwin\jdk8u\hotspot\src\share\vm\runtime\reflection.cpp, line 1092]

Events (10 events):
Event: 5372.051 Thread 0x000000002c72d800 DEOPT PACKING pc=0x00000000072d6deb sp=0x0000000028dae1e0
Event: 5372.051 Thread 0x000000002c72d800 DEOPT UNPACKING pc=0x00000000031975d0 sp=0x0000000028dae040 mode 0
Event: 5372.088 Thread 0x000000002c72d800 DEOPT PACKING pc=0x00000000072d69dc sp=0x0000000028dae0e0
Event: 5372.088 Thread 0x000000002c72d800 DEOPT UNPACKING pc=0x00000000031975d0 sp=0x0000000028dadf40 mode 0
Event: 5372.100 Thread 0x000000002c72d800 DEOPT PACKING pc=0x00000000072d6deb sp=0x0000000028dae0e0
Event: 5372.100 Thread 0x000000002c72d800 DEOPT UNPACKING pc=0x00000000031975d0 sp=0x0000000028dadf40 mode 0
Event: 5372.111 Thread 0x000000002c72d800 DEOPT PACKING pc=0x00000000072d69dc sp=0x0000000028dae0e0
Event: 5372.111 Thread 0x000000002c72d800 DEOPT UNPACKING pc=0x00000000031975d0 sp=0x0000000028dadf40 mode 0
Event: 5372.123 Thread 0x000000002c72d800 DEOPT PACKING pc=0x00000000072d6deb sp=0x0000000028dae0e0
Event: 5372.123 Thread 0x000000002c72d800 DEOPT UNPACKING pc=0x00000000031975d0 sp=0x0000000028dadf40 mode 0


Dynamic libraries:
0x00007ff6c61b0000 - 0x00007ff6c61e1000 	C:\Program Files\Android\Android Studio1\jre\bin\java.exe
0x00007ff9902a0000 - 0x00007ff990490000 	C:\WINDOWS\SYSTEM32\ntdll.dll
0x00007ff98ea10000 - 0x00007ff98eac2000 	C:\WINDOWS\System32\KERNEL32.DLL
0x00007ff98d220000 - 0x00007ff98d4c4000 	C:\WINDOWS\System32\KERNELBASE.dll
0x00007ff98e4f0000 - 0x00007ff98e593000 	C:\WINDOWS\System32\ADVAPI32.dll
0x00007ff98fad0000 - 0x00007ff98fb6e000 	C:\WINDOWS\System32\msvcrt.dll
0x00007ff98ff80000 - 0x00007ff990017000 	C:\WINDOWS\System32\sechost.dll
0x00007ff98fb70000 - 0x00007ff98fc90000 	C:\WINDOWS\System32\RPCRT4.dll
0x00007ff98f850000 - 0x00007ff98f9e5000 	C:\WINDOWS\System32\USER32.dll
0x00007ff98d4d0000 - 0x00007ff98d4f1000 	C:\WINDOWS\System32\win32u.dll
0x00007ff98fa20000 - 0x00007ff98fa46000 	C:\WINDOWS\System32\GDI32.dll
0x00007ff98d910000 - 0x00007ff98daa6000 	C:\WINDOWS\System32\gdi32full.dll
0x00007ff98d570000 - 0x00007ff98d60e000 	C:\WINDOWS\System32\msvcp_win.dll
0x00007ff98d6c0000 - 0x00007ff98d7ba000 	C:\WINDOWS\System32\ucrtbase.dll
0x00007ff971430000 - 0x00007ff9716b4000 	C:\WINDOWS\WinSxS\amd64_microsoft.windows.common-controls_6595b64144ccf1df_6.0.18362.1016_none_9e7a36bbe461dae4\COMCTL32.dll
0x00007ff98f510000 - 0x00007ff98f845000 	C:\WINDOWS\System32\combase.dll
0x00007ff98e2d0000 - 0x00007ff98e350000 	C:\WINDOWS\System32\bcryptPrimitives.dll
0x00007ff98f9f0000 - 0x00007ff98fa1e000 	C:\WINDOWS\System32\IMM32.DLL
0x00000000607a0000 - 0x0000000060872000 	C:\Program Files\Android\Android Studio1\jre\jre\bin\msvcr100.dll
0x0000000060880000 - 0x00000000610c6000 	C:\Program Files\Android\Android Studio1\jre\jre\bin\server\jvm.dll
0x00007ff990110000 - 0x00007ff990118000 	C:\WINDOWS\System32\PSAPI.DLL
0x00007ff9814a0000 - 0x00007ff9814aa000 	C:\WINDOWS\SYSTEM32\VERSION.dll
0x00007ff96e260000 - 0x00007ff96e269000 	C:\WINDOWS\SYSTEM32\WSOCK32.dll
0x00007ff9850d0000 - 0x00007ff9850f4000 	C:\WINDOWS\SYSTEM32\WINMM.dll
0x00007ff98f320000 - 0x00007ff98f38f000 	C:\WINDOWS\System32\WS2_32.dll
0x00007ff9850a0000 - 0x00007ff9850cd000 	C:\WINDOWS\SYSTEM32\winmmbase.dll
0x00007ff98d500000 - 0x00007ff98d54a000 	C:\WINDOWS\System32\cfgmgr32.dll
0x00007ff985000000 - 0x00007ff98500f000 	C:\Program Files\Android\Android Studio1\jre\jre\bin\verify.dll
0x00007ff972a60000 - 0x00007ff972a89000 	C:\Program Files\Android\Android Studio1\jre\jre\bin\java.dll
0x00007ff973eb0000 - 0x00007ff973ec6000 	C:\Program Files\Android\Android Studio1\jre\jre\bin\zip.dll
0x00007ff98ead0000 - 0x00007ff98f1b7000 	C:\WINDOWS\System32\SHELL32.dll
0x00007ff98fc90000 - 0x00007ff98fd39000 	C:\WINDOWS\System32\shcore.dll
0x00007ff98dab0000 - 0x00007ff98e232000 	C:\WINDOWS\System32\windows.storage.dll
0x00007ff98d160000 - 0x00007ff98d183000 	C:\WINDOWS\System32\profapi.dll
0x00007ff98d1d0000 - 0x00007ff98d21a000 	C:\WINDOWS\System32\powrprof.dll
0x00007ff98d150000 - 0x00007ff98d160000 	C:\WINDOWS\System32\UMPDC.dll
0x00007ff98e490000 - 0x00007ff98e4e2000 	C:\WINDOWS\System32\shlwapi.dll
0x00007ff98d190000 - 0x00007ff98d1a1000 	C:\WINDOWS\System32\kernel.appcore.dll
0x00007ff98d550000 - 0x00007ff98d567000 	C:\WINDOWS\System32\cryptsp.dll
0x00007ff972630000 - 0x00007ff97264a000 	C:\Program Files\Android\Android Studio1\jre\jre\bin\net.dll
0x00007ff9755c0000 - 0x00007ff975796000 	C:\WINDOWS\SYSTEM32\urlmon.dll
0x00007ff9758c0000 - 0x00007ff975b66000 	C:\WINDOWS\SYSTEM32\iertutil.dll
0x00007ff98cb20000 - 0x00007ff98cb2c000 	C:\WINDOWS\SYSTEM32\CRYPTBASE.DLL
0x00007ff98c950000 - 0x00007ff98c9b7000 	C:\WINDOWS\system32\mswsock.dll
0x00007ff9724d0000 - 0x00007ff9724e3000 	C:\Program Files\Android\Android Studio1\jre\jre\bin\nio.dll
0x00007ff973610000 - 0x00007ff973636000 	C:\Users\Afshan\.gradle\native\30\windows-amd64\native-platform.dll
0x00007ff983f10000 - 0x00007ff983f1d000 	C:\Program Files\Android\Android Studio1\jre\jre\bin\management.dll
0x00007ff98c4c0000 - 0x00007ff98c4f3000 	C:\WINDOWS\system32\rsaenh.dll
0x00007ff98e2a0000 - 0x00007ff98e2c6000 	C:\WINDOWS\System32\bcrypt.dll
0x00007ff98d070000 - 0x00007ff98d095000 	C:\WINDOWS\SYSTEM32\USERENV.dll
0x00007ff98c660000 - 0x00007ff98c69a000 	C:\WINDOWS\SYSTEM32\IPHLPAPI.DLL
0x00007ff98e480000 - 0x00007ff98e488000 	C:\WINDOWS\System32\NSI.dll
0x00007ff97f610000 - 0x00007ff97f626000 	C:\WINDOWS\SYSTEM32\dhcpcsvc6.DLL
0x00007ff97fe30000 - 0x00007ff97fe4c000 	C:\WINDOWS\SYSTEM32\dhcpcsvc.DLL
0x00007ff98c6a0000 - 0x00007ff98c76b000 	C:\WINDOWS\SYSTEM32\DNSAPI.dll
0x00007ff96c310000 - 0x00007ff96c334000 	C:\Program Files\Android\Android Studio1\jre\jre\bin\sunec.dll
0x00007ff980e90000 - 0x00007ff980e9a000 	C:\Windows\System32\rasadhlp.dll
0x00007ff97e980000 - 0x00007ff97e9f7000 	C:\WINDOWS\System32\fwpuclnt.dll
0x00007ff982d20000 - 0x00007ff982d2b000 	C:\Program Files\Android\Android Studio1\jre\jre\bin\sunmscapi.dll
0x00007ff98d7c0000 - 0x00007ff98d909000 	C:\WINDOWS\System32\CRYPT32.dll
0x00007ff98d1b0000 - 0x00007ff98d1c2000 	C:\WINDOWS\System32\MSASN1.dll

VM Arguments:
jvm_args: -Xmx1536m -Dfile.encoding=windows-1252 -Duser.country=IN -Duser.language=en -Duser.variant 
java_command: org.gradle.launcher.daemon.bootstrap.GradleDaemon 5.6.4
java_class_path (initial): C:\Users\Afshan\.gradle\wrapper\dists\gradle-5.6.4-all\ankdp27end7byghfw1q2sw75f\gradle-5.6.4\lib\gradle-launcher-5.6.4.jar
Launcher Type: SUN_STANDARD

Environment Variables:
PATH=C:\Program Files (x86)\Common Files\Oracle\Java\javapath;C:\windows\system32;C:\windows;C:\windows\System32\Wbem;C:\windows\System32\WindowsPowerShell\v1.0\;C:\windows\System32\OpenSSH\;C:\Program Files (x86)\NVIDIA Corporation\PhysX\Common;C:\Program Files (x86)\Windows Kits\8.1\Windows Performance Toolkit\;C:\Program Files\Intel\WiFi\bin\;C:\Program Files\Common Files\Intel\WirelessCommon\;C:\Program Files\Git\cmd;C:\WINDOWS\system32;C:\WINDOWS;C:\WINDOWS\System32\Wbem;C:\WINDOWS\System32\WindowsPowerShell\v1.0\;C:\WINDOWS\System32\OpenSSH\;C:\Users\Afshan\Desktop\bin;C:\Users\Afshan\Desktop\matlab2\bin;C:\Dart\dart-sdk\bin;C:\MinGW\bin;C:\Program Files (x86)\CodeBlocks\MinGW;c:\MinGW\bin;;C:\Users\Afshan\AppData\Local\Programs\Microsoft VS Code\bin
USERNAME=Afshan
OS=Windows_NT
PROCESSOR_IDENTIFIER=Intel64 Family 6 Model 142 Stepping 11, GenuineIntel



---------------  S Y S T E M  ---------------

OS: Windows 10.0 , 64 bit Build 18362 (10.0.18362.959)

CPU:total 8 (initial active 8) (4 cores per cpu, 2 threads per core) family 6 model 142 stepping 11, cmov, cx8, fxsr, mmx, sse, sse2, sse3, ssse3, sse4.1, sse4.2, popcnt, avx, avx2, aes, clmul, erms, 3dnowpref, lzcnt, ht, tsc, tscinvbit, bmi1, bmi2, adx

Memory: 4k page, physical 8273204k(567036k free), swap 33439028k(2136k free)

vm_info: OpenJDK 64-Bit Server VM (25.212-b04) for windows-amd64 JRE (1.8.0_212-release-1586-b04), built by "builder" with MS VC++ 10.0 (VS2010)

time: Mon Aug 31 13:30:47 2020
timezone: India Standard Time
elapsed time: 5372 seconds (0d 1h 29m 32s)

